[    0.000000] Initializing cgroup subsys cpuset
[    0.000000] Initializing cgroup subsys cpu
[    0.000000] Initializing cgroup subsys cpuacct
[    0.000000] Linux version 4.4.0-78-generic (buildd@lgw01-11) (gcc version 5.4.0 20160609 (Ubuntu 5.4.0-6ubuntu1~16.04.4) ) #99-Ubuntu SMP Thu Apr 27 15:29:09 UTC 2017 (Ubuntu 4.4.0-78.99-generic 4.4.62)
[    0.000000] Command line: BOOT_IMAGE=/boot/vmlinuz-4.4.0-78-generic root=LABEL=cloudimg-rootfs ro console=tty1 console=ttyS0
[    0.000000] KERNEL supported cpus:
[    0.000000]   Intel GenuineIntel
[    0.000000]   AMD AuthenticAMD
[    0.000000]   Centaur CentaurHauls
[    0.000000] x86/fpu: xstate_offset[2]:  576, xstate_sizes[2]:  256
[    0.000000] x86/fpu: Supporting XSAVE feature 0x01: 'x87 floating point registers'
[    0.000000] x86/fpu: Supporting XSAVE feature 0x02: 'SSE registers'
[    0.000000] x86/fpu: Supporting XSAVE feature 0x04: 'AVX registers'
[    0.000000] x86/fpu: Enabled xstate features 0x7, context size is 832 bytes, using 'standard' format.
[    0.000000] x86/fpu: Using 'lazy' FPU context switches.
[    0.000000] e820: BIOS-provided physical RAM map:
[    0.000000] BIOS-e820: [mem 0x0000000000000000-0x000000000009fbff] usable
[    0.000000] BIOS-e820: [mem 0x000000000009fc00-0x000000000009ffff] reserved
[    0.000000] BIOS-e820: [mem 0x00000000000f0000-0x00000000000fffff] reserved
[    0.000000] BIOS-e820: [mem 0x0000000000100000-0x000000003ffeffff] usable
[    0.000000] BIOS-e820: [mem 0x000000003fff0000-0x000000003fffffff] ACPI data
[    0.000000] BIOS-e820: [mem 0x00000000fec00000-0x00000000fec00fff] reserved
[    0.000000] BIOS-e820: [mem 0x00000000fee00000-0x00000000fee00fff] reserved
[    0.000000] BIOS-e820: [mem 0x00000000fffc0000-0x00000000ffffffff] reserved
[    0.000000] NX (Execute Disable) protection: active
[    0.000000] SMBIOS 2.5 present.
[    0.000000] Hypervisor detected: KVM
[    0.000000] e820: last_pfn = 0x3fff0 max_arch_pfn = 0x400000000
[    0.000000] MTRR: Disabled
[    0.000000] x86/PAT: MTRRs disabled, skipping PAT initialization too.
[    0.000000] x86/PAT: Configuration [0-7]: WB  WT  UC- UC  WB  WT  UC- UC  
[    0.000000] CPU MTRRs all blank - virtualized system.
[    0.000000] found SMP MP-table at [mem 0x0009fff0-0x0009ffff] mapped at [ffff88000009fff0]
[    0.000000] Scanning 1 areas for low memory corruption
[    0.000000] RAMDISK: [mem 0x36ac2000-0x37558fff]
[    0.000000] ACPI: Early table checksum verification disabled
[    0.000000] ACPI: RSDP 0x00000000000E0000 000024 (v02 VBOX  )
[    0.000000] ACPI: XSDT 0x000000003FFF0030 00003C (v01 VBOX   VBOXXSDT 00000001 ASL  00000061)
[    0.000000] ACPI: FACP 0x000000003FFF00F0 0000F4 (v04 VBOX   VBOXFACP 00000001 ASL  00000061)
[    0.000000] ACPI: DSDT 0x000000003FFF0470 0021C8 (v02 VBOX   VBOXBIOS 00000002 INTL 20100528)
[    0.000000] ACPI: FACS 0x000000003FFF0200 000040
[    0.000000] ACPI: FACS 0x000000003FFF0200 000040
[    0.000000] ACPI: APIC 0x000000003FFF0240 00005C (v02 VBOX   VBOXAPIC 00000001 ASL  00000061)
[    0.000000] ACPI: SSDT 0x000000003FFF02A0 0001CC (v01 VBOX   VBOXCPUT 00000002 INTL 20100528)
[    0.000000] No NUMA configuration found
[    0.000000] Faking a node at [mem 0x0000000000000000-0x000000003ffeffff]
[    0.000000] NODE_DATA(0) allocated [mem 0x3ffeb000-0x3ffeffff]
[    0.000000] kvm-clock: Using msrs 4b564d01 and 4b564d00
[    0.000000] kvm-clock: cpu 0, msr 0:3ffe3001, primary cpu clock
[    0.000000] kvm-clock: using sched offset of 5417315705 cycles
[    0.000000] clocksource: kvm-clock: mask: 0xffffffffffffffff max_cycles: 0x1cd42e4dffb, max_idle_ns: 881590591483 ns
[    0.000000] Zone ranges:
[    0.000000]   DMA      [mem 0x0000000000001000-0x0000000000ffffff]
[    0.000000]   DMA32    [mem 0x0000000001000000-0x000000003ffeffff]
[    0.000000]   Normal   empty
[    0.000000]   Device   empty
[    0.000000] Movable zone start for each node
[    0.000000] Early memory node ranges
[    0.000000]   node   0: [mem 0x0000000000001000-0x000000000009efff]
[    0.000000]   node   0: [mem 0x0000000000100000-0x000000003ffeffff]
[    0.000000] Initmem setup node 0 [mem 0x0000000000001000-0x000000003ffeffff]
[    0.000000] ACPI: PM-Timer IO Port: 0x4008
[    0.000000] IOAPIC[0]: apic_id 2, version 32, address 0xfec00000, GSI 0-23
[    0.000000] ACPI: INT_SRC_OVR (bus 0 bus_irq 0 global_irq 2 dfl dfl)
[    0.000000] ACPI: INT_SRC_OVR (bus 0 bus_irq 9 global_irq 9 high level)
[    0.000000] Using ACPI (MADT) for SMP configuration information
[    0.000000] smpboot: Allowing 2 CPUs, 0 hotplug CPUs
[    0.000000] PM: Registered nosave memory: [mem 0x00000000-0x00000fff]
[    0.000000] PM: Registered nosave memory: [mem 0x0009f000-0x0009ffff]
[    0.000000] PM: Registered nosave memory: [mem 0x000a0000-0x000effff]
[    0.000000] PM: Registered nosave memory: [mem 0x000f0000-0x000fffff]
[    0.000000] e820: [mem 0x40000000-0xfebfffff] available for PCI devices
[    0.000000] Booting paravirtualized kernel on KVM
[    0.000000] clocksource: refined-jiffies: mask: 0xffffffff max_cycles: 0xffffffff, max_idle_ns: 7645519600211568 ns
[    0.000000] setup_percpu: NR_CPUS:512 nr_cpumask_bits:512 nr_cpu_ids:2 nr_node_ids:1
[    0.000000] PERCPU: Embedded 33 pages/cpu @ffff88003fc00000 s98264 r8192 d28712 u1048576
[    0.000000] PV qspinlock hash table entries: 256 (order: 0, 4096 bytes)
[    0.000000] Built 1 zonelists in Node order, mobility grouping on.  Total pages: 257913
[    0.000000] Policy zone: DMA32
[    0.000000] Kernel command line: BOOT_IMAGE=/boot/vmlinuz-4.4.0-78-generic root=LABEL=cloudimg-rootfs ro console=tty1 console=ttyS0
[    0.000000] PID hash table entries: 4096 (order: 3, 32768 bytes)
[    0.000000] Memory: 1001736K/1048120K available (8469K kernel code, 1294K rwdata, 3984K rodata, 1484K init, 1316K bss, 46384K reserved, 0K cma-reserved)
[    0.000000] SLUB: HWalign=64, Order=0-3, MinObjects=0, CPUs=2, Nodes=1
[    0.000000] Hierarchical RCU implementation.
[    0.000000] 	Build-time adjustment of leaf fanout to 64.
[    0.000000] 	RCU restricting CPUs from NR_CPUS=512 to nr_cpu_ids=2.
[    0.000000] RCU: Adjusting geometry for rcu_fanout_leaf=64, nr_cpu_ids=2
[    0.000000] NR_IRQS:33024 nr_irqs:440 16
[    0.000000] Console: colour VGA+ 80x25
[    0.000000] console [tty1] enabled
[    0.000000] console [ttyS0] enabled
[    0.000000] tsc: Detected 2494.234 MHz processor
[   15.238198] Calibrating delay loop (skipped) preset value.. 4988.46 BogoMIPS (lpj=9976936)
[   15.444029] pid_max: default: 32768 minimum: 301
[   15.577843] ACPI: Core revision 20150930
[   15.673611] ACPI: 2 ACPI AML tables successfully acquired and loaded
[   15.786297] Security Framework initialized
[   15.897557] Yama: becoming mindful.
[   15.990150] AppArmor: AppArmor initialized
[   16.097667] Dentry cache hash table entries: 131072 (order: 8, 1048576 bytes)
[   16.307218] Inode-cache hash table entries: 65536 (order: 7, 524288 bytes)
[   16.530961] Mount-cache hash table entries: 2048 (order: 2, 16384 bytes)
[   16.700815] Mountpoint-cache hash table entries: 2048 (order: 2, 16384 bytes)
[   16.784806] Initializing cgroup subsys io
[   16.786317] Initializing cgroup subsys memory
[   16.787908] Initializing cgroup subsys devices
[   16.816067] Initializing cgroup subsys freezer
[   16.895992] Initializing cgroup subsys net_cls
[   17.017584] Initializing cgroup subsys perf_event
[   17.135246] Initializing cgroup subsys net_prio
[   17.270977] Initializing cgroup subsys hugetlb
[   17.383029] Initializing cgroup subsys pids
[   17.464365] CPU: Physical Processor ID: 0
[   17.583615] CPU: Processor Core ID: 0
[   17.682644] mce: CPU supports 0 MCE banks
[   17.777566] Last level iTLB entries: 4KB 1024, 2MB 1024, 4MB 1024
[   17.931290] Last level dTLB entries: 4KB 1024, 2MB 1024, 4MB 1024, 1GB 4
[   18.019626] Freeing SMP alternatives memory: 32K (ffffffff820b8000 - ffffffff820c0000)
[   18.227993] ftrace: allocating 32120 entries in 126 pages
[   18.532674] smpboot: APIC(0) Converting physical 0 to logical package 0
[   18.703534] smpboot: Max logical packages: 1
[   18.827134] x2apic enabled
[   18.913424] Switched APIC routing to physical x2apic.
[   19.046661] ..TIMER: vector=0x30 apic1=0 pin1=2 apic2=-1 pin2=-1
[   19.228754] smpboot: CPU0: Intel(R) Core(TM) i7-4710HQ CPU @ 2.50GHz (family: 0x6, model: 0x3c, stepping: 0x3)
[   19.461641] Performance Events: unsupported p6 CPU model 60 no PMU driver, software events only.
[   19.698248] KVM setup paravirtual spinlock
[   19.833895] x86: Booting SMP configuration:
[   19.961473] .... node  #0, CPUs:      #1
[   20.073211] kvm-clock: cpu 1, msr 0:3ffe3041, secondary cpu clock
[   20.151153] mce: CPU supports 0 MCE banks
[   20.190054] x86: Booted up 1 node, 2 CPUs
[   20.245200] smpboot: Total of 2 processors activated (9976.93 BogoMIPS)
[   20.419967] devtmpfs: initialized
[   20.429745] evm: security.selinux
[   20.431086] evm: security.SMACK64
[   20.432413] evm: security.SMACK64EXEC
[   20.444404] evm: security.SMACK64TRANSMUTE
[   20.445957] evm: security.SMACK64MMAP
[   20.447374] evm: security.ima
[   20.448602] evm: security.capability
[   20.450464] clocksource: jiffies: mask: 0xffffffff max_cycles: 0xffffffff, max_idle_ns: 7645041785100000 ns
[   20.514725] futex hash table entries: 512 (order: 3, 32768 bytes)
[   20.689209] pinctrl core: initialized pinctrl subsystem
[   20.762971] RTC time: 18:34:40, date: 06/01/17
[   20.854741] NET: Registered protocol family 16
[   20.968558] cpuidle: using governor ladder
[   21.104753] cpuidle: using governor menu
[   21.231101] PCCT header not found.
[   21.321799] ACPI: bus type PCI registered
[   21.383772] acpiphp: ACPI Hot Plug PCI Controller Driver version: 0.5
[   21.464878] PCI: Using configuration type 1 for base access
[   21.597917] ACPI: Added _OSI(Module Device)
[   21.712178] ACPI: Added _OSI(Processor Device)
[   21.827322] ACPI: Added _OSI(3.0 _SCP Extensions)
[   21.904836] ACPI: Added _OSI(Processor Aggregator Device)
[   22.060546] ACPI: Executed 1 blocks of module-level executable AML code
[   22.245794] ACPI: Interpreter enabled
[   22.360886] ACPI: (supports S0 S5)
[   22.466427] ACPI: Using IOAPIC for interrupt routing
[   22.567079] PCI: Using host bridge windows from ACPI; if necessary, use "pci=nocrs" and report a bug
[   22.727738] ACPI: PCI Root Bridge [PCI0] (domain 0000 [bus 00-ff])
[   22.837650] acpi PNP0A03:00: _OSC: OS supports [ASPM ClockPM Segments MSI]
[   22.955916] acpi PNP0A03:00: _OSC failed (AE_NOT_FOUND); disabling ASPM
[   23.097954] acpi PNP0A03:00: fail to add MMCONFIG information, can't access extended PCI configuration space under this bridge.
[   23.242318] PCI host bridge to bus 0000:00
[   23.315940] pci_bus 0000:00: root bus resource [io  0x0000-0x0cf7 window]
[   23.456465] pci_bus 0000:00: root bus resource [io  0x0d00-0xffff window]
[   23.475010] pci_bus 0000:00: root bus resource [mem 0x000a0000-0x000bffff window]
[   23.488589] pci_bus 0000:00: root bus resource [mem 0x40000000-0xffdfffff window]
[   23.492585] pci_bus 0000:00: root bus resource [bus 00-ff]
[   23.503986] pci 0000:00:01.1: legacy IDE quirk: reg 0x10: [io  0x01f0-0x01f7]
[   23.665283] pci 0000:00:01.1: legacy IDE quirk: reg 0x14: [io  0x03f6]
[   23.723782] pci 0000:00:01.1: legacy IDE quirk: reg 0x18: [io  0x0170-0x0177]
[   23.786512] pci 0000:00:01.1: legacy IDE quirk: reg 0x1c: [io  0x0376]
[   23.905344] pci 0000:00:07.0: quirk: [io  0x4000-0x403f] claimed by PIIX4 ACPI
[   24.054189] pci 0000:00:07.0: quirk: [io  0x4100-0x410f] claimed by PIIX4 SMB
[   24.214046] ACPI: PCI Interrupt Link [LNKA] (IRQs 5 9 10 *11)
[   24.291214] ACPI: PCI Interrupt Link [LNKB] (IRQs 5 9 10 *11)
[   24.426243] ACPI: PCI Interrupt Link [LNKC] (IRQs 5 9 *10 11)
[   24.431329] ACPI: PCI Interrupt Link [LNKD] (IRQs 5 *9 10 11)
[   24.537751] ACPI: Enabled 2 GPEs in block 00 to 07
[   24.672422] vgaarb: setting as boot device: PCI:0000:00:02.0
[   24.842697] vgaarb: device added: PCI:0000:00:02.0,decodes=io+mem,owns=io+mem,locks=none
[   24.891257] vgaarb: loaded
[   24.918283] vgaarb: bridge control possible 0000:00:02.0
[   24.987509] SCSI subsystem initialized
[   25.047230] ACPI: bus type USB registered
[   25.104021] usbcore: registered new interface driver usbfs
[   25.269217] usbcore: registered new interface driver hub
[   25.429651] usbcore: registered new device driver usb
[   25.579262] PCI: Using ACPI for IRQ routing
[   25.692350] NetLabel: Initializing
[   25.765268] NetLabel:  domain hash size = 128
[   25.857339] NetLabel:  protocols = UNLABELED CIPSOv4
[   26.003323] NetLabel:  unlabeled traffic allowed by default
[   26.067200] amd_nb: Cannot enumerate AMD northbridges
[   26.195068] clocksource: Switched to clocksource kvm-clock
[   26.346938] AppArmor: AppArmor Filesystem Enabled
[   26.468360] pnp: PnP ACPI init
[   26.529289] pnp: PnP ACPI: found 3 devices
[   26.679887] clocksource: acpi_pm: mask: 0xffffff max_cycles: 0xffffff, max_idle_ns: 2085701024 ns
[   26.944542] NET: Registered protocol family 2
[   27.061143] TCP established hash table entries: 8192 (order: 4, 65536 bytes)
[   27.196789] TCP bind hash table entries: 8192 (order: 5, 131072 bytes)
[   27.373478] TCP: Hash tables configured (established 8192 bind 8192)
[   27.566095] UDP hash table entries: 512 (order: 2, 16384 bytes)
[   27.738195] UDP-Lite hash table entries: 512 (order: 2, 16384 bytes)
[   27.952999] NET: Registered protocol family 1
[   28.092635] pci 0000:00:00.0: Limiting direct PCI/PCI transfers
[   28.277867] pci 0000:00:01.0: Activating ISA DMA hang workarounds
[   28.445684] Unpacking initramfs...
[   34.026557] Freeing initrd memory: 10844K (ffff880036ac2000 - ffff880037559000)
[   34.090242] RAPL PMU detected, API unit is 2^-32 Joules, 4 fixed counters 10737418240 ms ovfl timer
[   34.237067] hw unit of domain pp0-core 2^-0 Joules
[   34.267285] hw unit of domain package 2^-0 Joules
[   34.416053] hw unit of domain dram 2^-0 Joules
[   34.528381] hw unit of domain pp1-gpu 2^-0 Joules
[   34.668340] platform rtc_cmos: registered platform RTC device (no PNP device found)
[   34.917359] Scanning for low memory corruption every 60 seconds
[   35.123941] audit: initializing netlink subsys (disabled)
[   35.257658] audit: type=2000 audit(1496342075.898:1): initialized
[   35.286798] Initialise system trusted keyring
[   35.345537] HugeTLB registered 2 MB page size, pre-allocated 0 pages
[   35.521299] zbud: loaded
[   35.587521] VFS: Disk quotas dquot_6.6.0
[   35.728336] tsc: Refined TSC clocksource calibration: 2493.366 MHz
[   35.906104] clocksource: tsc: mask: 0xffffffffffffffff max_cycles: 0x23f0bee2776, max_idle_ns: 440795284352 ns
[   36.211375] VFS: Dquot-cache hash table entries: 512 (order 0, 4096 bytes)
[   36.418880] squashfs: version 4.0 (2009/01/31) Phillip Lougher
[   36.484627] fuse init (API version 7.23)
[   36.562822] Key type big_key registered
[   36.687374] Allocating IMA MOK and blacklist keyrings.
[   36.856981] Key type asymmetric registered
[   36.976303] Asymmetric key parser 'x509' registered
[   37.112653] Block layer SCSI generic (bsg) driver version 0.4 loaded (major 249)
[   37.341310] io scheduler noop registered
[   37.461297] io scheduler deadline registered (default)
[   37.562074] io scheduler cfq registered
[   37.617862] pci_hotplug: PCI Hot Plug PCI Core version: 0.5
[   37.737908] pciehp: PCI Express Hot Plug Controller Driver version: 0.4
[   37.924434] ACPI: AC Adapter [AC] (on-line)
[   38.034612] input: Power Button as /devices/LNXSYSTM:00/LNXPWRBN:00/input/input0
[   38.268101] ACPI: Power Button [PWRF]
[   38.381626] input: Sleep Button as /devices/LNXSYSTM:00/LNXSLPBN:00/input/input1
[   38.628837] ACPI: Sleep Button [SLPF]
[   38.725045] GHES: HEST is not enabled!
[   38.726279] ACPI: Battery Slot [BAT0] (battery present)
[   38.976680] Serial: 8250/16550 driver, 32 ports, IRQ sharing enabled
 ÿ[   39.211432] 00:02: ttyS0 at I/O 0x3f8 (irq = 4, base_baud = 115200) is a 16550A
[   39.462339] Linux agpgart interface v0.103
[   39.589857] loop: module loaded
[   39.669656] scsi host0: ata_piix
[   39.738908] scsi host1: ata_piix
[   39.817534] ata1: PATA max UDMA/33 cmd 0x1f0 ctl 0x3f6 bmdma 0xd000 irq 14
[   39.874108] ata2: PATA max UDMA/33 cmd 0x170 ctl 0x376 bmdma 0xd008 irq 15
[   39.947371] libphy: Fixed MDIO Bus: probed
[   39.988431] tun: Universal TUN/TAP device driver, 1.6
[   40.139370] tun: (C) 1999-2004 Max Krasnyansky <maxk@qualcomm.com>
[   40.334066] PPP generic driver version 2.4.2
[   40.463090] ehci_hcd: USB 2.0 'Enhanced' Host Controller (EHCI) Driver
[   40.655763] ehci-pci: EHCI PCI platform driver
[   40.796432] ehci-platform: EHCI generic platform driver
[   40.972600] ohci_hcd: USB 1.1 'Open' Host Controller (OHCI) Driver
[   41.041569] ohci-pci: OHCI PCI platform driver
[   41.074542] ohci-platform: OHCI generic platform driver
[   41.208545] uhci_hcd: USB Universal Host Controller Interface driver
[   41.388672] i8042: PNP: PS/2 Controller [PNP0303:PS2K,PNP0f03:PS2M] at 0x60,0x64 irq 1,12
[   41.563451] serio: i8042 KBD port at 0x60,0x64 irq 1
[   41.691234] serio: i8042 AUX port at 0x60,0x64 irq 12
[   41.846855] mousedev: PS/2 mouse device common for all mice
[   42.039903] rtc_cmos rtc_cmos: rtc core: registered rtc_cmos as rtc0
[   42.147072] input: AT Translated Set 2 keyboard as /devices/platform/i8042/serio0/input/input2
[   42.150360] rtc_cmos rtc_cmos: alarms up to one day, 114 bytes nvram
[   42.247830] i2c /dev entries driver
[   42.341216] device-mapper: uevent: version 1.0.3
[   42.482768] device-mapper: ioctl: 4.34.0-ioctl (2015-10-28) initialised: dm-devel@redhat.com
[   42.691854] ledtrig-cpu: registered to indicate activity on CPUs
[   42.850740] NET: Registered protocol family 10
[   42.921531] NET: Registered protocol family 17
[   42.994431] Key type dns_resolver registered
[   43.114036] microcode: CPU0 sig=0x306c3, pf=0x40, revision=0x0
[   43.256728] microcode: CPU1 sig=0x306c3, pf=0x40, revision=0x0
[   43.344969] microcode: Microcode Update Driver: v2.01 <tigran@aivazian.fsnet.co.uk>, Peter Oruba
[   43.522235] registered taskstats version 1
[   43.650458] Loading compiled-in X.509 certificates
[   43.762283] Loaded X.509 cert 'Build time autogenerated kernel key: 779fd75203f0d36b99b83c7328fac831ec7adf9e'
[   44.021902] zswap: loaded using pool lzo/zbud
[   44.129070] Key type trusted registered
[   44.140814] Key type encrypted registered
[   44.162615] AppArmor: AppArmor sha1 policy hashing enabled
[   44.179114] ima: No TPM chip found, activating TPM-bypass!
[   44.181402] evm: HMAC attrs: 0x1
[   44.194956]   Magic number: 5:14:594
[   44.266569] rtc_cmos rtc_cmos: setting system clock to 2017-06-01 18:35:03 UTC (1496342103)
[   44.454256] BIOS EDD facility v0.16 2004-Jun-25, 0 devices found
[   44.572381] EDD information not available.
[   44.646045] Freeing unused kernel memory: 1484K (ffffffff81f45000 - ffffffff820b8000)
[   44.827528] Write protecting the kernel read-only data: 14336k
[   44.983826] Freeing unused kernel memory: 1760K (ffff880001848000 - ffff880001a00000)
[   45.038620] Freeing unused kernel memory: 112K (ffff880001de4000 - ffff880001e00000)
Loading, please wait...
starting version[   45.285442] random: systemd-udevd: uninitialized urandom read (16 bytes read, 4 bits of entropy available)
 229
[   45.287153] random: udevadm: uninitialized urandom read (16 bytes read, 4 bits of entropy available)
[   45.287375] random: udevadm: uninitialized urandom read (16 bytes read, 4 bits of entropy available)
[   45.287761] random: udevadm: uninitialized urandom read (16 bytes read, 4 bits of entropy available)
[   45.287906] random: udevadm: uninitialized urandom read (16 bytes read, 4 bits of entropy available)
[   45.288023] random: udevadm: uninitialized urandom read (16 bytes read, 4 bits of entropy available)
[   45.288145] random: udevadm: uninitialized urandom read (16 bytes read, 4 bits of entropy available)
[   45.288305] random: udevadm: uninitialized urandom read (16 bytes read, 4 bits of entropy available)
[   45.288421] random: udevadm: uninitialized urandom read (16 bytes read, 4 bits of entropy available)
[   45.288528] random: udevadm: uninitialized urandom read (16 bytes read, 4 bits of entropy available)
[   47.184573] e1000: Intel(R) PRO/1000 Network Driver - version 7.3.21-k8-NAPI
[   47.308083] e1000: Copyright (c) 1999-2006 Intel Corporation.
[   47.412690] Fusion MPT base driver 3.04.20
[   47.489793] Copyright (c) 1999-2008 LSI Corporation
[   47.685491] AVX version of gcm_enc/dec engaged.
[   47.766289] AES CTR mode by8 optimization enabled
[   47.906489] Fusion MPT SPI Host driver 3.04.20
[   48.108092] input: ImExPS/2 Generic Explorer Mouse as /devices/platform/i8042/serio1/input/input4
[   48.366658] e1000 0000:00:03.0 eth0: (PCI:33MHz:32-bit) 02:07:98:91:28:34
[   48.371619] e1000 0000:00:03.0 eth0: Intel(R) PRO/1000 Network Connection
[   48.536224] e1000 0000:00:03.0 enp0s3: renamed from eth0
[   48.536733] mptbase: ioc0: Initiating bringup
[   48.836115] ioc0: LSI53C1030 A0: Capabilities={Initiator}
[   49.129890] scsi host2: ioc0: LSI53C1030 A0, FwRev=00000000h, Ports=1, MaxQ=256, IRQ=20
[   49.353416] scsi 2:0:0:0: Direct-Access     VBOX     HARDDISK         1.0  PQ: 0 ANSI: 5
[   49.643774] scsi target2:0:0: Beginning Domain Validation
[   49.809962] scsi target2:0:0: Domain Validation skipping write tests
[   50.004721] scsi target2:0:0: Ending Domain Validation
[   50.139911] scsi target2:0:0: asynchronous
[   50.253379] scsi 2:0:1:0: Direct-Access     VBOX     HARDDISK         1.0  PQ: 0 ANSI: 5
[   50.432352] floppy0: no floppy controllers found
[   50.576619] work still pending
[   50.576657] scsi target2:0:1: Beginning Domain Validation
[   50.814236] scsi target2:0:1: Domain Validation skipping write tests
[   51.004944] scsi target2:0:1: Ending Domain Validation
[   51.103126] scsi target2:0:1: asynchronous
[   51.180148] sd 2:0:0:0: [sda] 20971520 512-byte logical blocks: (10.7 GB/10.0 GiB)
[   51.341820] sd 2:0:0:0: Attached scsi generic sg0 type 0
[   51.348789] sd 2:0:0:0: [sda] Write Protect is off
[   51.349322] sd 2:0:0:0: [sda] Incomplete mode parameter data
[   51.349326] sd 2:0:0:0: [sda] Assuming drive cache: write through
[   51.451919]  sda: sda1
[   51.454271] sd 2:0:0:0: [sda] Attached SCSI disk
[   51.795777] sd 2:0:1:0: [sdb] 20480 512-byte logical blocks: (10.5 MB/10.0 MiB)
[   51.946153] sd 2:0:1:0: Attached scsi generic sg1 type 0
[   52.081830] sd 2:0:1:0: [sdb] Write Protect is off
[   52.219714] sd 2:0:1:0: [sdb] Incomplete mode parameter data
[   52.384459] sd 2:0:1:0: [sdb] Assuming drive cache: write through
[   52.674572] sd 2:0:1:0: [sdb] Attached SCSI disk
Begin: Loading e[   55.075856] md: linear personality registered for level -1
ssential drivers ... [   55.150909] md: multipath personality registered for level -4
[   55.230445] md: raid0 personality registered for level 0
[   55.269145] md: raid1 personality registered for level 1
[   55.351593] raid6: sse2x1   gen()  1904 MB/s
[   55.491609] raid6: sse2x1   xor()  1784 MB/s
[   55.687243] raid6: sse2x2   gen()  2917 MB/s
[   55.879344] raid6: sse2x2   xor()  1949 MB/s
[   55.987441] raid6: sse2x4   gen()  3641 MB/s
[   56.155119] raid6: sse2x4   xor()  1974 MB/s
[   56.201058] raid6: using algorithm sse2x4 gen() 3641 MB/s
[   56.289111] raid6: .... xor() 1974 MB/s, rmw enabled
[   56.374303] raid6: using ssse3x2 recovery algorithm
[   56.421871] xor: automatically using best checksumming function:
[   56.507331]    avx       :  4774.000 MB/sec
[   56.615178] async_tx: api initialized (async)
[   56.747417] md: raid6 personality registered for level 6
[   56.841613] md: raid5 personality registered for level 5
[   56.920567] md: raid4 personality registered for level 4
[   57.030724] md: raid10 personality registered for level 10
done.
Begin: Running /scripts/init-premount ... done.
Begin: Mounting root file system ... Begin: Running /scripts/local-top ... do[   57.225970] Btrfs loaded
ne.
Begin: Running /scripts/local-premount ... Scanning for Btrfs filesystems
done.
Warning: fsck not present, so skipping root file system
[   57.523879] EXT4-fs (sda1): mounted filesystem with ordered data mode. Opts: (null)
done.
Begin: Running /scripts/local-bottom ... done.
Begin: Running /scripts/init-bottom ... done.
[   58.087575] random: nonblocking pool is initialized
[   59.255893] systemd[1]: systemd 229 running in system mode. (+PAM +AUDIT +SELINUX +IMA +APPARMOR +SMACK +SYSVINIT +UTMP +LIBCRYPTSETUP +GCRYPT +GNUTLS +ACL +XZ -LZ4 +SECCOMP +BLKID +ELFUTILS +KMOD -IDN)
[   59.508296] systemd[1]: Detected virtualization oracle.
[   59.560223] systemd[1]: Detected architecture x86-64.

Welcome to [1mUbuntu 16.04.2 LTS[0m!

[   59.733964] systemd[1]: Set hostname to <ubuntu>.
[   59.778099] systemd[1]: Initializing machine ID from random generator.
[   59.826565] systemd[1]: Installed transient /etc/machine-id file.
[   61.475688] systemd[1]: Listening on Journal Audit Socket.
[[0;32m  OK  [0m] Listening on Journal Audit Socket.
[   61.524234] systemd[1]: Listening on Journal Socket (/dev/log).
[[0;32m  OK  [0m] Listening on Journal Socket (/dev/log).
[   61.584372] systemd[1]: Listening on Device-mapper event daemon FIFOs.
[[0;32m  OK  [0m] Listening on Device-mapper event daemon FIFOs.
[   61.611230] systemd[1]: Listening on udev Control Socket.
[[0;32m  OK  [0m] Listening on udev Control Socket.
[   61.671775] systemd[1]: Started Forward Password Requests to Wall Directory Watch.
[[0;32m  OK  [0m] Started Forward Password Requests to Wall Directory Watch.
[   61.840119] systemd[1]: Listening on /dev/initctl Compatibility Named Pipe.
[[0;32m  OK  [0m] Listening on /dev/initctl Compatibility Named Pipe.
[   62.071989] systemd[1]: Listening on LVM2 metadata daemon socket.
[[0;32m  OK  [0m] Listening on LVM2 metadata daemon socket.
[   62.219965] systemd[1]: Listening on Syslog Socket.
[[0;32m  OK  [0m] Listening on Syslog Socket.
[   62.264775] systemd[1]: Reached target Encrypted Volumes.
[[0;32m  OK  [0m] Reached target Encrypted Volumes.
[   62.304195] systemd[1]: Listening on LVM2 poll daemon socket.
[[0;32m  OK  [0m] Listening on LVM2 poll daemon socket.
[   62.408762] systemd[1]: Created slice System Slice.
[[0;32m  OK  [0m] Created slice System Slice.
[   62.534248] systemd[1]: Set up automount Arbitrary Executable File Formats File System Automount Point.
[[0;32m  OK  [0m] Set up automount Arbitrary Executab...ats File System Automount Point.
[   62.728358] systemd[1]: Started Trigger resolvconf update for networkd DNS.
[[0;32m  OK  [0m] Started Trigger resolvconf update for networkd DNS.
[   62.932119] systemd[1]: Listening on Journal Socket.
[[0;32m  OK  [0m] Listening on Journal Socket.
[   63.099443] systemd[1]: Mounting Huge Pages File System...
         Mounting Huge Pages File System...
[   63.235728] systemd[1]: Starting Journal Service...
         Starting Journal Service...
[   63.319529] systemd[1]: Starting Remount Root and Kernel File Systems...
[   63.334441] EXT4-fs (sda1): re-mounted. Opts: (null)
         Starting Remount Root and Kernel File Systems...
[   63.467891] systemd[1]: Starting Set console keymap...
         Starting Set console keymap...
[   63.527705] systemd[1]: Starting Uncomplicated firewall...
         Starting Uncomplicated firewall...
[   63.594716] systemd[1]: Starting Monitoring of LVM2 mirrors, snapshots etc. using dmeventd or progress polling...
         Starting Monitoring of LVM2 mirrors... dmeventd or progress polling...
[   63.851658] systemd[1]: Starting Load Kernel Modules...
[   63.962981] Loading iSCSI transport class v2.0-870.
         Starting Load Kernel Modules...
[   64.113276] iscsi: registered transport (tcp)
[   64.264074] systemd[1]: Starting Nameserver information manager...
         Starting Nameserver information manager...
[   64.364884] systemd[1]: Created slice system-serial\x2dgetty.slice.
[[0;32m  OK  [0m] Created slice system-serial\[   64.439413] iscsi: registered transport (iser)
x2dgetty.slice.
[   64.566361] systemd[1]: Listening on udev Kernel Socket.
[[0;32m  OK  [0m] Listening on udev Kernel Socket.
[   64.699509] systemd[1]: Starting Create list of required static device nodes for the current kernel...
         Starting Create list of required st... nodes for the current kernel...
[   64.883572] systemd[1]: Mounting Debug File System...
         Mounting Debug File System...
[   64.983792] systemd[1]: Mounting POSIX Message Queue File System...
         Mounting POSIX Message Queue File System...
[   65.131940] systemd[1]: Reached target User and Group Name Lookups.
[[0;32m  OK  [0m] Reached target User and Group Name Lookups.
[   65.298870] systemd[1]: Reached target Swap.
[[0;32m  OK  [0m] Reached target Swap.
[   65.401220] systemd[1]: Created slice User and Session Slice.
[[0;32m  OK  [0m] Created slice User and Session Slice.
[   65.539888] systemd[1]: Reached target Slices.
[[0;32m  OK  [0m] Reached target Slices.
[   65.626347] systemd[1]: Mounted POSIX Message Queue File System.
[[0;32m  OK  [0m] Mounted POSIX Message Queue File System.
[   65.732088] systemd[1]: Mounted Debug File System.
[[0;32m  OK  [0m] Mounted Debug File System.
[   65.839793] systemd[1]: Mounted Huge Pages File System.
[[0;32m  OK  [0m] Mounted Huge Pages File System.
[   65.928029] systemd[1]: Started Journal Service.
[[0;32m  OK  [0m] Started Journal Service.
[[0;32m  OK  [0m] Started Remount Root and Kernel File Systems.
[[0;32m  OK  [0m] Started Set console keymap.
[[0;32m  OK  [0m] Started Uncomplicated firewall.
[[0;32m  OK  [0m] Started Load Kernel Modules.
[[0;32m  OK  [0m] Started Create list of required sta...ce nodes for the current kernel.
[[0;32m  OK  [0m] Started Nameserver information manager.
[[0;32m  OK  [0m] Started LVM2 metadata daemon.
         Starting Create Static Device Nodes in /dev...
         Starting Apply Kernel Variables...
         Mounting FUSE Control File System...
         Starting udev Coldplug all Devices...
         Starting Initial cloud-init job (pre-networking)...
         Starting Load/Save Random Seed...
         Starting Flush Journal to Persistent Storage...
[[0;32m  OK  [0m] Mounted FUSE Control File System.
[[0;32m  OK  [0m] Started Create Static Device Nodes in /dev.
[[0;32m  OK  [0m] Started Apply Kernel Variables.
[[0;32m  OK  [0m] Started Load/Save Random Seed.
[[0;32m  OK  [0m] Started Monitoring of LVM2 mirrors,...ng dmeventd or progress polling.
[[0;32m  OK  [0m] Started udev Coldplug all Devices.
         Starting udev Kernel Device Manager...
[[0;32m  OK  [0m] Started Flush Journal to Persistent Storage.
[[0;32m  OK  [0m] Started udev Kernel Device Manager.
[[0;32m  OK  [0m] Started Dispatch Password Requests to Console Directory Watch.
[[0;32m  OK  [0m] Reached target Local File Systems (Pre).
[[0;32m  OK  [0m] Reached target Local File Systems.
         Starting Create Volatile Files and Directories...
         Starting LSB: AppArmor initialization...
         Starting Tell Plymouth To Write Out Runtime Data...
         Starting Commit a transient machine-id on disk...
         Starting Set console font and keymap...
[[0;32m  OK  [0m] Started Create Volatile Files and Directories.
[[0;32m  OK  [0m] Started Tell Plymouth To Write Out Runtime Data.
[[0;32m  OK  [0m] Started Commit a transient machine-id on disk.
[[0;32m  OK  [0m] Found device /dev/ttyS0.
         Starting Update UTMP about System Boot/Shutdown...
[[0;32m  OK  [0m] Reached target System Time Synchronized.
[[0;32m  OK  [0m] Started Update UTMP about System Boot/Shutdown.
[[0;32m  OK  [0m] Listening on Load/Save RF Kill Switch Status /dev/rfkill Watch.
[[0;32m  OK  [0m] Started Set console font and keymap.
[[0;32m  OK  [0m] Started LSB: AppArmor initialization.
[[0;32m  OK  [0m] Created slice system-getty.slice.
[   51.648310] cloud-init[446]: Cloud-init v. 0.7.9 running 'init-local' at Thu, 01 Jun 2017 18:35:34 +0000. Up 50.32 seconds.
[[0;32m  OK  [0m] Started Initial cloud-init job (pre-networking).
[[0;32m  OK  [0m] Reached target Network (Pre).
         Starting Raise network interfaces...
[[0;32m  OK  [0m] Started Raise network interfaces.
         Starting Initial cloud-init job (metadata service crawler)...
[[0;32m  OK  [0m] Reached target Network.
[   57.391896] cloud-init[933]: Cloud-init v. 0.7.9 running 'init' at Thu, 01 Jun 2017 18:35:38 +0000. Up 53.67 seconds.
[   57.465987] cloud-init[933]: ci-info: +++++++++++++++++++++++++++++++++++++Net device info+++++++++++++++++++++++++++++++++++++
[[0;32m  OK  [0m] Started Initial cloud-init job (metadata service crawler).
[   57.541713] cloud-init[933]: ci-info: +--------+------+---------------------------+---------------+-------+-------------------+
[   57.684859] cloud-init[933]: ci-info: | Device |  Up  |          Address          |      Mask     | Scope |     Hw-Address    |
[   57.685831] cloud-init[933]: ci-info: +--------+------+---------------------------+---------------+-------+-------------------+
[[0;32m  OK  [0m] Reached target Cloud-config availability.
[   57.686311] cloud-init[933]: ci-info: | enp0s3 | True |         10.0.2.15         | 255.255.255.0 |   .   | 02:07:98:91:28:34 |
[   57.930143] cloud-init[933]: ci-info: | enp0s3 | True | fe80::7:98ff:fe91:2834/64 |       .       |  link | 02:07:98:91:28:34 |
[[0;32m  OK  [0m] Reached target System Initialization.
[   57.930562] cloud-init[933]: ci-info: |   lo   | True |         127.0.0.1         |   255.0.0.0   |   .   |         .         |
[   58.161800] cloud-init[933]: ci-info: |   lo   | True |          ::1/128          |       .       |  host |         .         |
[[0;32m  OK  [0m] Listening on D-Bus System Message Bus Socket.
[   58.162116] cloud-init[933]: ci-info: +--------+------+---------------------------+---------------+-------+-------------------+
[   58.352294] cloud-init[933]: ci-info: +++++++++++++++++++++++++++Route IPv4 info++++++++++++++++++++++++++++
[[0;32m  OK  [0m] Started Daily Cleanup of Temporary Directories.
[   58.352792] cloud-init[933]: ci-info: +-------+-------------+----------+---------------+-----------+-------+
[   58.641459] cloud-init[933]: ci-info: | Route | Destination | Gateway  |    Genmask    | Interface | Flags |
[   58.642694] cloud-init[933]: ci-info: +-------+-------------+----------+---------------+-----------+-------+
[[0;32m  OK  [0m] Started Timer to automatically refresh installed snaps.
[   58.643321] cloud-init[933]: ci-info: |   0   |   0.0.0.0   | 10.0.2.2 |    0.0.0.0    |   enp0s3  |   UG  |
[   58.834391] cloud-init[933]: ci-info: |   1   |   10.0.2.0  | 0.0.0.0  | 255.255.255.0 |   enp0s3  |   U   |
[[0;32m  OK  [0m] Started Daily apt activities.
[   58.834933] cloud-init[933]: ci-info: +-------+-------------+----------+---------------+-----------+-------+
[   59.058550] cloud-init[933]: Generating public/private rsa key pair.
[[0;32m  OK  [0m] Reached target Timers.
[   59.059069] cloud-init[933]: Your identification has been saved in /etc/ssh/ssh_host_rsa_key.
[   59.304761] cloud-init[933]: Your public key has been saved in /etc/ssh/ssh_host_rsa_key.pub.
[   59.305775] cloud-init[933]: The key fingerprint is:
         Starting LXD - unix socket.
[   59.306441] cloud-init[933]: SHA256:9KbW5xnG9gMjCkKDWpXDFj+Y0DcwdvmY0CwcTYVMR2M root@ubuntu-xenial
[   59.435433] cloud-init[933]: The key's randomart image is:
[[0;32m  OK  [0m] Listening on ACPID Listen Socket.
[   59.435746] cloud-init[933]: +---[RSA 2048]----+
[   59.618175] cloud-init[933]: |  .+*%+=E        |
[[0;32m  OK  [0m] Listening on UUID daemon activation socket.
[   59.618774] cloud-init[933]: |   o@*Xo .       |
[   59.772748] cloud-init[933]: |   +o=o=.        |
[   59.773719] cloud-init[933]: |  o o oo..       |
         Starting Socket activation for snappy daemon.
[   59.774197] cloud-init[933]: | o . .  S o      |
[   59.904790] cloud-init[933]: |.   . .  +..o    |
[   59.905665] cloud-init[933]: |     . .o...*o   |
[[0;32m  OK  [0m] Started ACPI Events Check.
[   59.906102] cloud-init[933]: |       ..  = +.  |
[   60.014914] cloud-init[933]: |            o .. |
[[0;32m  OK  [0m] Reached target Paths.
[   60.015739] cloud-init[933]: +----[SHA256]-----+
[   60.134299] cloud-init[933]: Generating public/private dsa key pair.
[[0;32m  OK  [0m] Reached target Network is Online.
[   60.134657] cloud-init[933]: Your identification has been saved in /etc/ssh/ssh_host_dsa_key.
[   60.349034] cloud-init[933]: Your public key has been saved in /etc/ssh/ssh_host_dsa_key.pub.
[   60.349990] cloud-init[933]: The key fingerprint is:
         Starting iSCSI initiator daemon (iscsid)...
[   60.350463] cloud-init[933]: SHA256:XIIm/ycifHOQPWahHI5L/DMP97rsxT5PNB4GmOL60SQ root@ubuntu-xenial
[   60.493066] cloud-init[933]: The key's randomart image is:
[   60.494120] cloud-init[933]: +---[DSA 1024]----+
[[0;32m  OK  [0m] Listening on LXD - unix socket.
[   60.494789] cloud-init[933]: |                 |
[   60.618100] cloud-init[933]: |       . o       |
[[0;32m  OK  [0m] Listening on Socket activation for snappy daemon.
[   60.618653] cloud-init[933]: |    . = = o      |
[   60.789102] cloud-init[933]: |   . O B + .     |
[   60.812816] cloud-init[933]: |    + E S   =    |
[   60.853308] cloud-init[933]: |   o + O o + o   |
[[0;32m  OK  [0m] Reached target Sockets.
[   60.902376] [[0;32m  OK  [0m] Reached target Basic System.
cloud-init[933]: |    = X * + o    |
         [   61.020594] cloud-init[933]: |     + % *..     |
[   61.020732] cloud-init[933]: |      ..*ooo.    |
[   61.020919] cloud-init[933]: +----[SHA256]-----+
[   61.021028] cloud-init[933]: Generating public/private ecdsa key pair.
[   61.021129] cloud-init[933]: Your identification has been saved in /etc/ssh/ssh_host_ecdsa_key.
[   61.021229] cloud-init[933]: Your public key has been saved in /etc/ssh/ssh_host_ecdsa_key.pub.
[   61.021430] cloud-init[933]: The key fingerprint is:
[   61.021539] cloud-init[933]: SHA256:4rBToUeOjxg2p0YjaCBlozQYU1j85TWK3jTHwqsU3Cs root@ubuntu-xenial
[   61.021655] cloud-init[933]: The key's randomart image is:
[   61.021752] cloud-init[933]: +---[ECDSA 256]---+
[   61.021912] cloud-init[933]: |+O*              |
[   61.022018] cloud-init[933]: |+=o.  . o        |
[   61.022114] cloud-init[933]: |+  o *o+ .       |
[   61.022208] cloud-init[933]: |+   ==O.o        |
[   61.022370] cloud-init[933]: |o.*.=+=*S        |
[   61.022481] cloud-init[933]: |.+ BEO+.         |
[   61.022579] cloud-init[933]: |  +.+oo          |
[   61.022674] cloud-init[933]: | .  ..           |
[   61.022767] cloud-init[933]: |                 |
[   61.022940] cloud-init[933]: +----[SHA256]-----+
[   61.023043] cloud-init[933]: Generating public/private ed25519 key pair.
[   61.023140] cloud-init[933]: Your identification has been saved in /etc/ssh/ssh_host_ed25519_key.
[   61.023240] cloud-init[933]: Your public key has been saved in /etc/ssh/ssh_host_ed25519_key.pub.
[   61.023397] cloud-init[933]: The key fingerprint is:
[   61.023501] cloud-init[933]: SHA256:6qpJcMlC7y1kyr0FDC3bI8a/q5lYYPbmbs7HvtEOOek root@ubuntu-xenial
[   61.023596] cloud-init[933]: The key's randomart image is:
[   61.023689] cloud-init[933]: +--[ED25519 256]--+
[   61.023835] cloud-init[933]: |                 |
[   61.023946] cloud-init[933]: |  .              |
[   61.024045] cloud-init[933]: | + .             |
[   61.024141] cloud-init[933]: |o.B.             |
[   61.024234] cloud-init[933]: |+B+O    S        |
Starting System Logging Service...
[   61.026221] cloud-init[933]: |==X + +.         |
         [   62.472420] Starting Login Service...cloud-init
[933]: | ooB.O..         |
[   62.532860] cloud-init[933]: |.o*o*+=          |
[   62.533867] cloud-init[933]: |.+BX=Eo.         |
         Starting Accounts Service...
[   62.534344] cloud-init[933]: +----[SHA256]-----+
[[0;32m  OK  [0m] Started Unattended Upgrades Shutdown.
[[0;32m  OK  [0m] Started Snappy daemon.
         Starting Auto import assertions from block devices...
         Starting /etc/rc.local Compatibility...
[[0;32m  OK  [0m] Started Regular background program processing daemon.
[[0;32m  OK  [0m] Started ACPI event daemon.
         Starting LSB: MD monitoring daemon...
         Starting LSB: Record successful boot for GRUB...
         Starting Pollinate to seed the pseudo random number generator...
         Starting Apply the settings specified in cloud-config...
[[0;32m  OK  [0m] Started Deferred execution scheduler.
[[0;32m  OK  [0m] Started D-Bus System Message Bus.
[[0;32m  OK  [0m] Started FUSE filesystem for LXC.
         Starting LXD - container startup/shutdown...
[[0;32m  OK  [0m] Started System Logging Service.
[[0;32m  OK  [0m] Started iSCSI initiator daemon (iscsid).
[[0;32m  OK  [0m] Started Auto import assertions from block devices.
[[0;32m  OK  [0m] Started /etc/rc.local Compatibility.
         Starting Login to default iSCSI targets...
[[0;32m  OK  [0m] Started Login Service.
[[0;32m  OK  [0m] Started LSB: Record successful boot for GRUB.
         Starting Authenticate and Authorize Users to Run Privileged Tasks...
[[0;32m  OK  [0m] Started LSB: MD monitoring daemon.
[[0;32m  OK  [0m] Started Login to default iSCSI targets.
[[0;32m  OK  [0m] Reached target Remote File Systems (Pre).
[[0;32m  OK  [0m] Reached target Remote File Systems.
         Starting Permit User Sessions...
[   65.336436] cloud-init[1070]: Generating locales (this might take a while)...
         Starting LSB: VirtualBox Linux Additions...
         Starting LSB: Set the CPU Frequency Scaling governor to "ondemand"...
         Starting LSB: automatic crash report generation...
         Starting LSB: daemon to balance interrupts for SMP systems...
[[0;32m  OK  [0m] Started Permit User Sessions.
[[0;32m  OK  [0m] Started LSB: Set the CPU Frequency Scaling governor to "ondemand".
[[0;32m  OK  [0m] Started Authenticate and Authorize Users to Run Privileged Tasks.
[[0;32m  OK  [0m] Started Accounts Service.
         Starting Terminate Plymouth Boot Screen...
         Starting Hold until boot process finishes up...
[[0;32m  OK  [0m] Started Terminate Plymouth Boot Screen.
[[0;32m  OK  [0m] Started Hold until boot process finishes up.
[[0;32m  OK  [0m] Started Getty on tty1.
         Starting Set console scheme...
[[0;32m  OK  [0m] Started Serial Getty on ttyS0.
[[0;32m  OK  [0m] Reached target Login Prompts.
[[0;32m  OK  [0m] Started LSB: automatic crash report generation.
[[0;32m  OK  [0m] Started LSB: daemon to balance interrupts for SMP systems.
[[0;32m  OK  [0m] Started Set console scheme.
[[0;32m  OK  [0m] Started LSB: VirtualBox Linux Additions.
[[0;32m  OK  [0m] Started Pollinate to seed the pseudo random number generator.
         Starting OpenBSD Secure Shell server...
[[0;32m  OK  [0m] Started OpenBSD Secure Shell server.
[[0;32m  OK  [0m] Started LXD - container startup/shutdown.
[[0;32m  OK  [0m] Reached target Multi-User System.
[[0;32m  OK  [0m] Reached target Graphical Interface.
         Starting Update UTMP about System Runlevel Changes...
[[0;32m  OK  [0m] Started Update UTMP about System Runlevel Changes.
[   70.122539] cloud-init[1070]:   en_US.UTF-8... done
[   70.169267] cloud-init[1070]: Generation complete.
         Stopping OpenBSD Secure Shell server...
[[0;32m  OK  [0m] Stopped OpenBSD Secure Shell server.
         Starting OpenBSD Secure Shell server...
[[0;32m  OK  [0m] Started OpenBSD Secure Shell server.

Ubuntu 16.04.2 LTS ubuntu-xenial ttyS0

ubuntu-xenial login: [   72.955582] cloud-init[1070]: Cloud-init v. 0.7.9 running 'modules:config' at Thu, 01 Jun 2017 18:35:49 +0000. Up 64.49 seconds.
ci-info: no authorized ssh keys fingerprints found for user ubuntu.
<14>Jun  1 18:35:59 ec2: 
<14>Jun  1 18:35:59 ec2: #############################################################
<14>Jun  1 18:35:59 ec2: -----BEGIN SSH HOST KEY FINGERPRINTS-----
<14>Jun  1 18:35:59 ec2: 1024 SHA256:XIIm/ycifHOQPWahHI5L/DMP97rsxT5PNB4GmOL60SQ root@ubuntu-xenial (DSA)
<14>Jun  1 18:35:59 ec2: 256 SHA256:4rBToUeOjxg2p0YjaCBlozQYU1j85TWK3jTHwqsU3Cs root@ubuntu-xenial (ECDSA)
<14>Jun  1 18:35:59 ec2: 256 SHA256:6qpJcMlC7y1kyr0FDC3bI8a/q5lYYPbmbs7HvtEOOek root@ubuntu-xenial (ED25519)
<14>Jun  1 18:35:59 ec2: 2048 SHA256:9KbW5xnG9gMjCkKDWpXDFj+Y0DcwdvmY0CwcTYVMR2M root@ubuntu-xenial (RSA)
<14>Jun  1 18:35:59 ec2: -----END SSH HOST KEY FINGERPRINTS-----
<14>Jun  1 18:35:59 ec2: #############################################################
-----BEGIN SSH HOST KEY KEYS-----
ecdsa-sha2-nistp256 AAAAE2VjZHNhLXNoYTItbmlzdHAyNTYAAAAIbmlzdHAyNTYAAABBBFrts+LzBJHAIffsI0vJ3FLLSnj6CRig7+H8BOpPudd+bCwQ00Y/J0d4NwjjM4dlocKIGc7i7HtnWJ20MYQyjLI= root@ubuntu-xenial
ssh-ed25519 AAAAC3NzaC1lZDI1NTE5AAAAIESN0VBDyfWVGwgYBKPLzuRCb6loQ27XepMj52YtCCsJ root@ubuntu-xenial
ssh-rsa AAAAB3NzaC1yc2EAAAADAQABAAABAQCmWbP13s54kycK5Xz33ELGxjw6VCk8zUFjNs1hA+eDkSAJjLvr6ECimepwaUGVoByhNseiCge+Bt0LGNX8ej/+fX42oV6HzU+mKSxiCE23UWL6TX3LnLvTDfr1WVqAmIP85FubjqHJ+oKPLOUleejkQzzaxY91fUhmtZ2Q7N1qbzps4Wi7z5eP9zKSb6xZLIwwiuXq+i/V3PPUNur5MR2PxqebwXTVS5Hca2n2IFD/SYVRthH5w8N+oAwIu8+L6ur2FCuJdbxpGz1dqVNgUlmbsWV5821oJZOhJzNou4EtLGV3qwCPsTeIB8mbylk1NaxVpxn01mp3RgZkg0SsIv8V root@ubuntu-xenial
-----END SSH HOST KEY KEYS-----
[   74.550386] cloud-init[1303]: Cloud-init v. 0.7.9 running 'modules:final' at Thu, 01 Jun 2017 18:35:58 +0000. Up 74.04 seconds.
[   74.551233] cloud-init[1303]: ci-info: no authorized ssh keys fingerprints found for user ubuntu.
[   74.551841] cloud-init[1303]: Cloud-init v. 0.7.9 finished at Thu, 01 Jun 2017 18:35:59 +0000. Datasource DataSourceNoCloud [seed=/dev/sdb][dsmode=net].  Up 74.52 seconds
